#
# There is insufficient memory for the Java Runtime Environment to continue.
# Native memory allocation (mmap) failed to map 25769803776 bytes for committing reserved memory.
# Possible reasons:
#   The system is out of physical RAM or swap space
#   The process is running with CompressedOops enabled, and the Java Heap may be blocking the growth of the native heap
# Possible solutions:
#   Reduce memory load on the system
#   Increase physical memory or swap space
#   Check if swap backing store is full
#   Decrease Java heap size (-Xmx/-Xms)
#   Decrease number of Java threads
#   Decrease Java thread stack sizes (-Xss)
#   Set larger code cache with -XX:ReservedCodeCacheSize=
#   JVM is running with Zero Based Compressed Oops mode in which the Java heap is
#     placed in the first 32GB address space. The Java Heap base address is the
#     maximum limit for the native heap growth. Please use -XX:HeapBaseMinAddress
#     to set the Java Heap base and to place the Java Heap above 32GB virtual address.
# This output file may be truncated or incomplete.
#
#  Out of Memory Error (os_linux.cpp:2779), pid=1, tid=13
#
# JRE version:  (17.0.6+10) (build )
# Java VM: OpenJDK 64-Bit Server VM (17.0.6+10, mixed mode, sharing, tiered, compressed oops, compressed class ptrs, g1 gc, linux-amd64)
# No core dump will be written. Core dumps have been disabled. To enable core dumping, try "ulimit -c unlimited" before starting Java again
#

---------------  S U M M A R Y ------------

Command Line: -Xms24G -Xmx24G -Dlog4j2.formatMsgNoLookups=true -XX:+UseG1GC -XX:+ParallelRefProcEnabled -XX:MaxGCPauseMillis=200 -XX:+UnlockExperimentalVMOptions -XX:+DisableExplicitGC -XX:+AlwaysPreTouch -XX:G1NewSizePercent=30 -XX:G1MaxNewSizePercent=40 -XX:G1HeapRegionSize=8M -XX:G1ReservePercent=20 -XX:G1HeapWastePercent=5 -XX:G1MixedGCCountTarget=4 -XX:InitiatingHeapOccupancyPercent=15 -XX:G1MixedGCLiveThresholdPercent=90 -XX:G1RSetUpdatingPauseTimePercent=5 -XX:SurvivorRatio=32 -XX:+PerfDisableSharedMem -XX:MaxTenuringThreshold=1 -Dusing.aikars.flags=mcflags.emc.gs -Dcom.mojang.eula.agree=true /opt/minecraft/paperspigot.jar --nojline nogui

Host: Intel(R) Core(TM) i7-9700K CPU @ 3.60GHz, 8 cores, 15G, Ubuntu 22.04.2 LTS
Time: Fri Mar  3 00:15:04 2023 UTC elapsed time: 0.033804 seconds (0d 0h 0m 0s)

---------------  T H R E A D  ---------------

Current thread (0x00007fcb8c026050):  JavaThread "Unknown thread" [_thread_in_vm, id=13, stack(0x00007fcb92acb000,0x00007fcb92bcb000)]

Stack: [0x00007fcb92acb000,0x00007fcb92bcb000],  sp=0x00007fcb92bc9350,  free space=1016k
Native frames: (J=compiled Java code, j=interpreted, Vv=VM code, C=native code)
V  [libjvm.so+0xede141]  VMError::report_and_die(int, char const*, char const*, __va_list_tag*, Thread*, unsigned char*, void*, void*, char const*, int, unsigned long)+0x1a1
V  [libjvm.so+0xeded0d]  VMError::report_and_die(Thread*, char const*, int, unsigned long, VMErrorType, char const*, __va_list_tag*)+0x2d
V  [libjvm.so+0x606e43]  report_vm_out_of_memory(char const*, int, unsigned long, VMErrorType, char const*, ...)+0xc3
V  [libjvm.so+0xc16078]  os::pd_commit_memory_or_exit(char*, unsigned long, unsigned long, bool, char const*)+0xd8
V  [libjvm.so+0xc0f5ed]  os::commit_memory_or_exit(char*, unsigned long, unsigned long, bool, char const*)+0x1d
V  [libjvm.so+0x73241e]  G1PageBasedVirtualSpace::commit(unsigned long, unsigned long)+0x18e
V  [libjvm.so+0x746c81]  G1RegionsLargerThanCommitSizeMapper::commit_regions(unsigned int, unsigned long, WorkGang*)+0x1a1
V  [libjvm.so+0x7d74e8]  HeapRegionManager::commit_regions(unsigned int, unsigned long, WorkGang*)+0x58
V  [libjvm.so+0x7d9095]  HeapRegionManager::expand(unsigned int, unsigned int, WorkGang*)+0x35
V  [libjvm.so+0x7d92ae]  HeapRegionManager::expand_by(unsigned int, WorkGang*)+0x7e
V  [libjvm.so+0x6ecd1f]  G1CollectedHeap::expand(unsigned long, WorkGang*, double*)+0xef
V  [libjvm.so+0x6ed4cf]  G1CollectedHeap::initialize()+0x72f
V  [libjvm.so+0xe8c9f2]  universe_init()+0xd2
V  [libjvm.so+0x7f8e07]  init_globals()+0x37
V  [libjvm.so+0xe63cb7]  Threads::create_vm(JavaVMInitArgs*, bool*)+0x387
V  [libjvm.so+0x8b5f22]  JNI_CreateJavaVM+0x52
C  [libjli.so+0x4a0f]  JavaMain+0x8f
C  [libjli.so+0x8cf9]  ThreadJavaMain+0x9


---------------  P R O C E S S  ---------------

Threads class SMR info:
_java_thread_list=0x00007fcb93fef620, length=0, elements={
}

Java Threads: ( => current thread )

Other Threads:
  0x00007fcb8c05e870 GCTaskThread "GC Thread#0" [stack: 0x00007fcb91da7000,0x00007fcb91ea7000] [id=14]
  0x00007fcb8c077e00 ConcurrentGCThread "G1 Main Marker" [stack: 0x00007fcb91ca5000,0x00007fcb91da5000] [id=15]
  0x00007fcb8c078cf0 ConcurrentGCThread "G1 Conc#0" [stack: 0x00007fcb91ba3000,0x00007fcb91ca3000] [id=16]

[error occurred during error reporting (printing all threads), id 0xb, SIGSEGV (0xb) at pc=0x00007fcb933bc770]

VM state: not at safepoint (not fully initialized)

VM Mutex/Monitor currently owned by a thread:  ([mutex/lock_event])
[0x00007fcb8c023b90] Heap_lock - owner thread: 0x00007fcb8c026050

Heap address: 0x0000000200000000, size: 24576 MB, Compressed Oops mode: Zero based, Oop shift amount: 3

CDS archive(s) mapped at: [0x0000000000000000-0x0000000000000000-0x0000000000000000), size 0, SharedBaseAddress: 0x0000000800000000, ArchiveRelocationMode: 0.
Narrow klass base: 0x0000000000000000, Narrow klass shift: 0, Narrow klass range: 0x0

GC Precious Log:
<Empty>

Heap:
 garbage-first heap   total 0K, used 0K [0x0000000200000000, 0x0000000800000000)
  region size 8192K, 0 young (0K), 0 survivors (0K)

[error occurred during error reporting (printing heap information), id 0xb, SIGSEGV (0xb) at pc=0x00007fcb93970ffa]

GC Heap History (0 events):
No events

Dll operation events (1 events):
Event: 0.002 Loaded shared library /opt/java/openjdk/lib/libjava.so

Deoptimization events (0 events):
No events

Classes unloaded (0 events):
No events

Classes redefined (0 events):
No events

Internal exceptions (0 events):
No events

VM Operations (0 events):
No events

Events (1 events):
Event: 0.001 Protecting memory [0x00007fcb92acb000,0x00007fcb92acf000] with protection modes 0


Dynamic libraries:
56408017e000-56408017f000 r--p 00000000 08:30 297665                     /opt/java/openjdk/bin/java
56408017f000-564080180000 r-xp 00001000 08:30 297665                     /opt/java/openjdk/bin/java
564080180000-564080181000 r--p 00002000 08:30 297665                     /opt/java/openjdk/bin/java
564080181000-564080182000 r--p 00002000 08:30 297665                     /opt/java/openjdk/bin/java
564080182000-564080183000 rw-p 00003000 08:30 297665                     /opt/java/openjdk/bin/java
564080c0b000-564080c53000 rw-p 00000000 00:00 0                          [heap]
7fcb30000000-7fcb30021000 rw-p 00000000 00:00 0 
7fcb30021000-7fcb34000000 ---p 00000000 00:00 0 
7fcb34000000-7fcb34021000 rw-p 00000000 00:00 0 
7fcb34021000-7fcb38000000 ---p 00000000 00:00 0 
7fcb38000000-7fcb38021000 rw-p 00000000 00:00 0 
7fcb38021000-7fcb3c000000 ---p 00000000 00:00 0 
7fcb3cfcc000-7fcb3efcc000 rw-p 00000000 00:00 0 
7fcb3efcc000-7fcb77fcc000 ---p 00000000 00:00 0 
7fcb77fcc000-7fcb7823c000 rwxp 00000000 00:00 0 
7fcb7823c000-7fcb7f503000 ---p 00000000 00:00 0 
7fcb7f503000-7fcb7f773000 rwxp 00000000 00:00 0 
7fcb7f773000-7fcb7fa95000 ---p 00000000 00:00 0 
7fcb7fa95000-7fcb7fd05000 rwxp 00000000 00:00 0 
7fcb7fd05000-7fcb86fcc000 ---p 00000000 00:00 0 
7fcb86fcc000-7fcb8c000000 r--s 00000000 08:30 297963                     /opt/java/openjdk/lib/modules
7fcb8c000000-7fcb8c0a7000 rw-p 00000000 00:00 0 
7fcb8c0a7000-7fcb90000000 ---p 00000000 00:00 0 
7fcb90fad000-7fcb91ba1000 rw-p 00000000 00:00 0 
7fcb91ba1000-7fcb91ba2000 ---p 00000000 00:00 0 
7fcb91ba2000-7fcb91ca3000 rw-p 00000000 00:00 0 
7fcb91ca3000-7fcb91ca4000 ---p 00000000 00:00 0 
7fcb91ca4000-7fcb91da5000 rw-p 00000000 00:00 0 
7fcb91da5000-7fcb91da6000 ---p 00000000 00:00 0 
7fcb91da6000-7fcb9289d000 rw-p 00000000 00:00 0 
7fcb9289d000-7fcb92983000 ---p 00000000 00:00 0 
7fcb92983000-7fcb92988000 rw-p 00000000 00:00 0 
7fcb92988000-7fcb92a6e000 ---p 00000000 00:00 0 
7fcb92a6e000-7fcb92a73000 rw-p 00000000 00:00 0 
7fcb92a73000-7fcb92a7a000 ---p 00000000 00:00 0 
7fcb92a7a000-7fcb92a87000 r--p 00000000 08:30 297940                     /opt/java/openjdk/lib/libjava.so
7fcb92a87000-7fcb92a99000 r-xp 0000d000 08:30 297940                     /opt/java/openjdk/lib/libjava.so
7fcb92a99000-7fcb92a9f000 r--p 0001f000 08:30 297940                     /opt/java/openjdk/lib/libjava.so
7fcb92a9f000-7fcb92aa0000 ---p 00025000 08:30 297940                     /opt/java/openjdk/lib/libjava.so
7fcb92aa0000-7fcb92aa1000 r--p 00025000 08:30 297940                     /opt/java/openjdk/lib/libjava.so
7fcb92aa1000-7fcb92aa2000 rw-p 00026000 08:30 297940                     /opt/java/openjdk/lib/libjava.so
7fcb92aa2000-7fcb92aab000 rw-p 00000000 00:00 0 
7fcb92aab000-7fcb92aaf000 r--p 00000000 08:30 297944                     /opt/java/openjdk/lib/libjimage.so
7fcb92aaf000-7fcb92ac2000 r-xp 00004000 08:30 297944                     /opt/java/openjdk/lib/libjimage.so
7fcb92ac2000-7fcb92ac8000 r--p 00017000 08:30 297944                     /opt/java/openjdk/lib/libjimage.so
7fcb92ac8000-7fcb92aca000 r--p 0001c000 08:30 297944                     /opt/java/openjdk/lib/libjimage.so
7fcb92aca000-7fcb92acb000 rw-p 0001e000 08:30 297944                     /opt/java/openjdk/lib/libjimage.so
7fcb92acb000-7fcb92acf000 ---p 00000000 00:00 0 
7fcb92acf000-7fcb92bcb000 rw-p 00000000 00:00 0 
7fcb92bcb000-7fcb92bd9000 r--p 00000000 08:30 182983                     /usr/lib/x86_64-linux-gnu/libm.so.6
7fcb92bd9000-7fcb92c55000 r-xp 0000e000 08:30 182983                     /usr/lib/x86_64-linux-gnu/libm.so.6
7fcb92c55000-7fcb92cb0000 r--p 0008a000 08:30 182983                     /usr/lib/x86_64-linux-gnu/libm.so.6
7fcb92cb0000-7fcb92cb1000 r--p 000e4000 08:30 182983                     /usr/lib/x86_64-linux-gnu/libm.so.6
7fcb92cb1000-7fcb92cb2000 rw-p 000e5000 08:30 182983                     /usr/lib/x86_64-linux-gnu/libm.so.6
7fcb92cb2000-7fcb92cb3000 r--p 00000000 08:30 183028                     /usr/lib/x86_64-linux-gnu/librt.so.1
7fcb92cb3000-7fcb92cb4000 r-xp 00001000 08:30 183028                     /usr/lib/x86_64-linux-gnu/librt.so.1
7fcb92cb4000-7fcb92cb5000 r--p 00002000 08:30 183028                     /usr/lib/x86_64-linux-gnu/librt.so.1
7fcb92cb5000-7fcb92cb6000 r--p 00002000 08:30 183028                     /usr/lib/x86_64-linux-gnu/librt.so.1
7fcb92cb6000-7fcb92cb7000 rw-p 00003000 08:30 183028                     /usr/lib/x86_64-linux-gnu/librt.so.1
7fcb92cb7000-7fcb92f09000 r--p 00000000 08:30 297975                     /opt/java/openjdk/lib/server/libjvm.so
7fcb92f09000-7fcb93c26000 r-xp 00252000 08:30 297975                     /opt/java/openjdk/lib/server/libjvm.so
7fcb93c26000-7fcb93eb2000 r--p 00f6f000 08:30 297975                     /opt/java/openjdk/lib/server/libjvm.so
7fcb93eb2000-7fcb93f6b000 r--p 011fa000 08:30 297975                     /opt/java/openjdk/lib/server/libjvm.so
7fcb93f6b000-7fcb93fa0000 rw-p 012b3000 08:30 297975                     /opt/java/openjdk/lib/server/libjvm.so
7fcb93fa0000-7fcb93ffe000 rw-p 00000000 00:00 0 
7fcb93ffe000-7fcb94026000 r--p 00000000 08:30 182926                     /usr/lib/x86_64-linux-gnu/libc.so.6
7fcb94026000-7fcb941bb000 r-xp 00028000 08:30 182926                     /usr/lib/x86_64-linux-gnu/libc.so.6
7fcb941bb000-7fcb94213000 r--p 001bd000 08:30 182926                     /usr/lib/x86_64-linux-gnu/libc.so.6
7fcb94213000-7fcb94217000 r--p 00214000 08:30 182926                     /usr/lib/x86_64-linux-gnu/libc.so.6
7fcb94217000-7fcb94219000 rw-p 00218000 08:30 182926                     /usr/lib/x86_64-linux-gnu/libc.so.6
7fcb94219000-7fcb94226000 rw-p 00000000 00:00 0 
7fcb94226000-7fcb94227000 r--p 00000000 08:30 182940                     /usr/lib/x86_64-linux-gnu/libdl.so.2
7fcb94227000-7fcb94228000 r-xp 00001000 08:30 182940                     /usr/lib/x86_64-linux-gnu/libdl.so.2
7fcb94228000-7fcb94229000 r--p 00002000 08:30 182940                     /usr/lib/x86_64-linux-gnu/libdl.so.2
7fcb94229000-7fcb9422a000 r--p 00002000 08:30 182940                     /usr/lib/x86_64-linux-gnu/libdl.so.2
7fcb9422a000-7fcb9422b000 rw-p 00003000 08:30 182940                     /usr/lib/x86_64-linux-gnu/libdl.so.2
7fcb9422b000-7fcb9422c000 r--p 00000000 08:30 183026                     /usr/lib/x86_64-linux-gnu/libpthread.so.0
7fcb9422c000-7fcb9422d000 r-xp 00001000 08:30 183026                     /usr/lib/x86_64-linux-gnu/libpthread.so.0
7fcb9422d000-7fcb9422e000 r--p 00002000 08:30 183026                     /usr/lib/x86_64-linux-gnu/libpthread.so.0
7fcb9422e000-7fcb9422f000 r--p 00002000 08:30 183026                     /usr/lib/x86_64-linux-gnu/libpthread.so.0
7fcb9422f000-7fcb94230000 rw-p 00003000 08:30 183026                     /usr/lib/x86_64-linux-gnu/libpthread.so.0
7fcb94230000-7fcb94233000 r--p 00000000 08:30 297945                     /opt/java/openjdk/lib/libjli.so
7fcb94233000-7fcb9423d000 r-xp 00003000 08:30 297945                     /opt/java/openjdk/lib/libjli.so
7fcb9423d000-7fcb94240000 r--p 0000d000 08:30 297945                     /opt/java/openjdk/lib/libjli.so
7fcb94240000-7fcb94241000 ---p 00010000 08:30 297945                     /opt/java/openjdk/lib/libjli.so
7fcb94241000-7fcb94242000 r--p 00010000 08:30 297945                     /opt/java/openjdk/lib/libjli.so
7fcb94242000-7fcb94243000 rw-p 00011000 08:30 297945                     /opt/java/openjdk/lib/libjli.so
7fcb94243000-7fcb94245000 r--p 00000000 08:30 183063                     /usr/lib/x86_64-linux-gnu/libz.so.1.2.11
7fcb94245000-7fcb94256000 r-xp 00002000 08:30 183063                     /usr/lib/x86_64-linux-gnu/libz.so.1.2.11
7fcb94256000-7fcb9425c000 r--p 00013000 08:30 183063                     /usr/lib/x86_64-linux-gnu/libz.so.1.2.11
7fcb9425c000-7fcb9425d000 ---p 00019000 08:30 183063                     /usr/lib/x86_64-linux-gnu/libz.so.1.2.11
7fcb9425d000-7fcb9425e000 r--p 00019000 08:30 183063                     /usr/lib/x86_64-linux-gnu/libz.so.1.2.11
7fcb9425e000-7fcb9425f000 rw-p 0001a000 08:30 183063                     /usr/lib/x86_64-linux-gnu/libz.so.1.2.11
7fcb94260000-7fcb94261000 ---p 00000000 00:00 0 
7fcb94261000-7fcb94262000 r--p 00000000 00:00 0 
7fcb94262000-7fcb94264000 rw-p 00000000 00:00 0 
7fcb94264000-7fcb94266000 r--p 00000000 08:30 182908                     /usr/lib/x86_64-linux-gnu/ld-linux-x86-64.so.2
7fcb94266000-7fcb94290000 r-xp 00002000 08:30 182908                     /usr/lib/x86_64-linux-gnu/ld-linux-x86-64.so.2
7fcb94290000-7fcb9429b000 r--p 0002c000 08:30 182908                     /usr/lib/x86_64-linux-gnu/ld-linux-x86-64.so.2
7fcb9429b000-7fcb9429c000 ---p 00000000 00:00 0 
7fcb9429c000-7fcb9429e000 r--p 00037000 08:30 182908                     /usr/lib/x86_64-linux-gnu/ld-linux-x86-64.so.2
7fcb9429e000-7fcb942a0000 rw-p 00039000 08:30 182908                     /usr/lib/x86_64-linux-gnu/ld-linux-x86-64.so.2
7ffe65875000-7ffe65896000 rw-p 00000000 00:00 0                          [stack]
7ffe658fc000-7ffe65900000 r--p 00000000 00:00 0                          [vvar]
7ffe65900000-7ffe65902000 r-xp 00000000 00:00 0                          [vdso]


VM Arguments:
jvm_args: -Xms24G -Xmx24G -Dlog4j2.formatMsgNoLookups=true -XX:+UseG1GC -XX:+ParallelRefProcEnabled -XX:MaxGCPauseMillis=200 -XX:+UnlockExperimentalVMOptions -XX:+DisableExplicitGC -XX:+AlwaysPreTouch -XX:G1NewSizePercent=30 -XX:G1MaxNewSizePercent=40 -XX:G1HeapRegionSize=8M -XX:G1ReservePercent=20 -XX:G1HeapWastePercent=5 -XX:G1MixedGCCountTarget=4 -XX:InitiatingHeapOccupancyPercent=15 -XX:G1MixedGCLiveThresholdPercent=90 -XX:G1RSetUpdatingPauseTimePercent=5 -XX:SurvivorRatio=32 -XX:+PerfDisableSharedMem -XX:MaxTenuringThreshold=1 -Dusing.aikars.flags=mcflags.emc.gs -Dcom.mojang.eula.agree=true 
java_command: /opt/minecraft/paperspigot.jar --nojline nogui
java_class_path (initial): /opt/minecraft/paperspigot.jar
Launcher Type: SUN_STANDARD

[Global flags]
     bool AlwaysPreTouch                           = true                                      {product} {command line}
     bool AlwaysTenure                             = false                                     {product} {command line}
     intx CICompilerCount                          = 4                                         {product} {ergonomic}
     uint ConcGCThreads                            = 2                                         {product} {ergonomic}
     bool DisableExplicitGC                        = true                                      {product} {command line}
     uint G1ConcRefinementThreads                  = 8                                         {product} {ergonomic}
     uint G1EagerReclaimRemSetThreshold            = 64                                   {experimental} {ergonomic}
   size_t G1HeapRegionSize                         = 8388608                                   {product} {command line}
    uintx G1HeapWastePercent                       = 5                                         {product} {command line}
    uintx G1MaxNewSizePercent                      = 40                                   {experimental} {command line}
    uintx G1MixedGCCountTarget                     = 4                                         {product} {command line}
    uintx G1MixedGCLiveThresholdPercent            = 90                                   {experimental} {command line}
    uintx G1NewSizePercent                         = 30                                   {experimental} {command line}
     intx G1RSetUpdatingPauseTimePercent           = 5                                         {product} {command line}
    uintx G1ReservePercent                         = 20                                        {product} {command line}
    uintx GCDrainStackTargetSize                   = 64                                        {product} {ergonomic}
   size_t InitialHeapSize                          = 25769803776                               {product} {command line}
    uintx InitialTenuringThreshold                 = 1                                         {product} {ergonomic}
    uintx InitiatingHeapOccupancyPercent           = 15                                        {product} {command line}
   size_t MarkStackSize                            = 4194304                                   {product} {ergonomic}
    uintx MaxGCPauseMillis                         = 200                                       {product} {command line}
   size_t MaxHeapSize                              = 25769803776                               {product} {command line}
    uintx MaxTenuringThreshold                     = 1                                         {product} {command line}
   size_t MinHeapDeltaBytes                        = 8388608                                   {product} {ergonomic}
   size_t MinHeapSize                              = 25769803776                               {product} {command line}
     bool NeverTenure                              = false                                     {product} {command line}
    uintx NonNMethodCodeHeapSize                   = 5839372                                {pd product} {ergonomic}
    uintx NonProfiledCodeHeapSize                  = 122909434                              {pd product} {ergonomic}
     bool ParallelRefProcEnabled                   = true                                      {product} {command line}
     bool PerfDisableSharedMem                     = true                                      {product} {command line}
    uintx ProfiledCodeHeapSize                     = 122909434                              {pd product} {ergonomic}
    uintx ReservedCodeCacheSize                    = 251658240                              {pd product} {ergonomic}
     bool SegmentedCodeCache                       = true                                      {product} {ergonomic}
   size_t SoftMaxHeapSize                          = 25769803776                            {manageable} {ergonomic}
    uintx SurvivorRatio                            = 32                                        {product} {command line}
     bool UnlockExperimentalVMOptions              = true                                 {experimental} {command line}
     bool UseCompressedClassPointers               = true                           {product lp64_product} {ergonomic}
     bool UseCompressedOops                        = true                           {product lp64_product} {ergonomic}
     bool UseG1GC                                  = true                                      {product} {command line}

Logging:
Log output configuration:
 #0: stdout all=warning uptime,level,tags
 #1: stderr all=off uptime,level,tags

Environment Variables:
JAVA_HOME=/opt/java/openjdk
PATH=/opt/java/openjdk/bin:/usr/local/sbin:/usr/local/bin:/usr/sbin:/usr/bin:/sbin:/bin
LANG=en_US.UTF-8
LC_ALL=en_US.UTF-8

Signal Handlers:
   SIGSEGV: crash_handler in libjvm.so, mask=11100100010111111101111111111110, flags=SA_RESTART|SA_SIGINFO
    SIGBUS: crash_handler in libjvm.so, mask=11100100010111111101111111111110, flags=SA_RESTART|SA_SIGINFO
    SIGFPE: crash_handler in libjvm.so, mask=11100100010111111101111111111110, flags=SA_RESTART|SA_SIGINFO
   SIGPIPE: javaSignalHandler in libjvm.so, mask=11100100010111111101111111111110, flags=SA_RESTART|SA_SIGINFO
   SIGXFSZ: javaSignalHandler in libjvm.so, mask=11100100010111111101111111111110, flags=SA_RESTART|SA_SIGINFO
    SIGILL: crash_handler in libjvm.so, mask=11100100010111111101111111111110, flags=SA_RESTART|SA_SIGINFO
   SIGUSR2: SR_handler in libjvm.so, mask=00000000000000000000000000000000, flags=SA_RESTART|SA_SIGINFO
    SIGHUP: SIG_DFL, mask=00000000000000000000000000000000, flags=none
    SIGINT: SIG_DFL, mask=00000000000000000000000000000000, flags=none
   SIGTERM: SIG_DFL, mask=00000000000000000000000000000000, flags=none
   SIGQUIT: UserHandler in libjvm.so, mask=11100100010111111101111111111110, flags=SA_RESTART|SA_SIGINFO
   SIGTRAP: crash_handler in libjvm.so, mask=11100100010111111101111111111110, flags=SA_RESTART|SA_SIGINFO


---------------  S Y S T E M  ---------------

OS:
DISTRIB_ID=Ubuntu
DISTRIB_RELEASE=22.04
DISTRIB_CODENAME=jammy
DISTRIB_DESCRIPTION="Ubuntu 22.04.2 LTS"
uname: Linux 5.15.90.1-microsoft-standard-WSL2 #1 SMP Fri Jan 27 02:56:13 UTC 2023 x86_64
OS uptime: 0 days 8:51 hours
libc: glibc 2.35 NPTL 2.35 
rlimit (soft/hard): STACK 8192k/infinity , CORE 0k/infinity , NPROC infinity/infinity , NOFILE 1048576/1048576 , AS infinity/infinity , CPU infinity/infinity , DATA infinity/infinity , FSIZE infinity/infinity , MEMLOCK 82000k/82000k
load average: 1.83 2.44 2.46

/proc/meminfo:
MemTotal:       16347068 kB
MemFree:        10907252 kB
MemAvailable:   14527504 kB
Buffers:          121096 kB
Cached:          3635324 kB
SwapCached:           88 kB
Active:          1445108 kB
Inactive:        3396548 kB
Active(anon):       5756 kB
Inactive(anon):  1086116 kB
Active(file):    1439352 kB
Inactive(file):  2310432 kB
Unevictable:           0 kB
Mlocked:               0 kB
SwapTotal:       4194304 kB
SwapFree:        4193472 kB
Dirty:                 0 kB
Writeback:             0 kB
AnonPages:       1030024 kB
Mapped:           286396 kB
Shmem:              6332 kB
KReclaimable:     203412 kB
Slab:             298204 kB
SReclaimable:     203412 kB
SUnreclaim:        94792 kB
KernelStack:       14100 kB
PageTables:        11204 kB
NFS_Unstable:          0 kB
Bounce:                0 kB
WritebackTmp:          0 kB
CommitLimit:    12367836 kB
Committed_AS:    5404948 kB
VmallocTotal:   34359738367 kB
VmallocUsed:       36276 kB
VmallocChunk:          0 kB
Percpu:             4640 kB
AnonHugePages:    518144 kB
ShmemHugePages:        0 kB
ShmemPmdMapped:        0 kB
FileHugePages:         0 kB
FilePmdMapped:         0 kB
HugePages_Total:       0
HugePages_Free:        0
HugePages_Rsvd:        0
HugePages_Surp:        0
Hugepagesize:       2048 kB
Hugetlb:               0 kB
DirectMap4k:      316416 kB
DirectMap2M:    14327808 kB
DirectMap1G:    11534336 kB

/sys/kernel/mm/transparent_hugepage/enabled: [always] madvise never
/sys/kernel/mm/transparent_hugepage/defrag (defrag/compaction efforts parameter): always defer defer+madvise [madvise] never

Process Memory:
Virtual Size: 1609320K (peak: 26771128K)
Resident Set Size: 27524K (peak: 27524K) (anon: 15008K, file: 12516K, shmem: 0K)
Swapped out: 0K
C-Heap outstanding allocations: 22462K, retained: 533K
glibc malloc tunables: (default)

/proc/sys/kernel/threads-max (system-wide limit on the number of threads): 127660
/proc/sys/vm/max_map_count (maximum number of memory map areas a process may have): 65530
/proc/sys/kernel/pid_max (system-wide limit on number of process identifiers): 32768

container (cgroup) information:
container_type: cgroupv1
cpu_cpuset_cpus: 0-7
cpu_memory_nodes: 0
active_processor_count: 8
cpu_quota: no quota
cpu_period: 100000
cpu_shares: no shares
memory_limit_in_bytes: unlimited
memory_and_swap_limit_in_bytes: unlimited
memory_soft_limit_in_bytes: 1048576 k
memory_usage_in_bytes: 15932 k
memory_max_usage_in_bytes: 16028 k
kernel_memory_usage_in_bytes: 648 k
kernel_memory_max_usage_in_bytes: unlimited
kernel_memory_limit_in_bytes: 1116 k
maximum number of tasks: unlimited
current number of tasks: 5

Hyper-V virtualization detected
Steal ticks since vm start: 0
Steal ticks percentage since vm start:  0.000

CPU: total 8 (initial active 8) (8 cores per cpu, 1 threads per core) family 6 model 158 stepping 13 microcode 0xffffffff, cx8, cmov, fxsr, mmx, 3dnowpref, sse, sse2, sse3, ssse3, sse4.1, sse4.2, popcnt, lzcnt, tsc, avx, avx2, aes, erms, clmul, bmi1, bmi2, adx, fma, vzeroupper, clflush, clflushopt, hv
CPU Model and flags from /proc/cpuinfo:
model name	: Intel(R) Core(TM) i7-9700K CPU @ 3.60GHz
flags		: fpu vme de pse tsc msr pae mce cx8 apic sep mtrr pge mca cmov pat pse36 clflush mmx fxsr sse sse2 ss ht syscall nx pdpe1gb rdtscp lm constant_tsc arch_perfmon rep_good nopl xtopology cpuid pni pclmulqdq vmx ssse3 fma cx16 pdcm pcid sse4_1 sse4_2 movbe popcnt aes xsave avx f16c rdrand hypervisor lahf_lm abm 3dnowprefetch invpcid_single ssbd ibrs ibpb stibp ibrs_enhanced tpr_shadow vnmi ept vpid ept_ad fsgsbase bmi1 avx2 smep bmi2 erms invpcid rdseed adx smap clflushopt xsaveopt xsavec xgetbv1 xsaves md_clear flush_l1d arch_capabilities

Online cpus: 0-7
Offline cpus: 
BIOS frequency limitation: <Not Available>
Frequency switch latency (ns): <Not Available>
Available cpu frequencies: <Not Available>
Current governor: <Not Available>
Core performance/turbo boost: <Not Available>

Memory: 4k page, physical 16347068k(10907252k free), swap 4194304k(4193472k free)
Page Sizes: 4k

vm_info: OpenJDK 64-Bit Server VM (17.0.6+10) for linux-amd64 JRE (17.0.6+10), built on Jan 17 2023 00:00:00 by "temurin" with gcc 10.3.0

END.
